14273352622456737231
6831021389381403337
18282124268018487260
4305787336587921418
12085506475665854542
12348675261788206442
2872827705794296467
16987507362735635333
1268040119912621136
4481620786793709867
5682999956707054691
15843593169762214798
17388865910247817965
13776073171819834792
18397982984796670008
11300468838681968726
18192307982741344214
12736486451575645453
12236013077591939882
9488334528057951036
8077970657233575071
12737346662808531198
17292565071706435602
534094464287728618
9005559118793997546
13379028286789543536
18124939628549318308
14193673735994545670
18169224042050049361
11041569468100882708
9543501438623422348
9118563170056944035
1638910744226957919
17601351043008072170
11342840595482685931
10306247757190794161
4972426832679955264
13231824370463409921
9705446406895753853
6848498678796454199
8936547204397660267
3056917763774586327
14966074711068411089
7282490028095029709
18041442161528223080
14259141576560447435
17886936138660450351
958918326002246310
4276476054232382199
152839983314757591
3376592989720878135
14145991484789136301
13611498194786049382
14605856478185866006
6051774329734625706
3111070119459871994
2977248444389366614
2765746547609492911
12475324425016072408
8402792459859319164
18172399272794633138
11795035657247084223
8784263611481634652
11962671816698873878
1555910697875136465
3087069083345226543
9648966301290807347
14885630230273400866
17735003627242476984
5148722254440937371
10517628460398176544
1234945767103225231
